13 028 22:28:12 CONFIG [geoserver.logging] - Log4j 2 configuration set to DEFAULT_LOGGING.xml
13 028 22:28:16 CONFIG [org.geoserver] - GeoServer configuration lock is enabled
13 028 22:28:16 CONFIG [org.geoserver] - Loading catalog /opt/geoserver_data
13 028 22:28:16 CONFIG [org.geoserver] - Loaded style 'poi'
13 028 22:28:16 CONFIG [org.geoserver] - Loaded style 'cite_lakes'
13 028 22:28:16 CONFIG [org.geoserver] - Loaded style 'raster'
13 028 22:28:16 CONFIG [org.geoserver] - Loaded style 'rain'
13 028 22:28:16 CONFIG [org.geoserver] - Loaded style 'capitals'
13 028 22:28:16 CONFIG [org.geoserver] - Loaded style 'poly_landmarks'
13 028 22:28:16 CONFIG [org.geoserver] - Loaded style 'point'
13 028 22:28:16 CONFIG [org.geoserver] - Loaded style 'restricted'
13 028 22:28:16 CONFIG [org.geoserver] - Loaded style 'burg'
13 028 22:28:16 CONFIG [org.geoserver] - Loaded style 'green'
13 028 22:28:16 CONFIG [org.geoserver] - Loaded style 'dem'
13 028 22:28:16 CONFIG [org.geoserver] - Loaded style 'line'
13 028 22:28:16 CONFIG [org.geoserver] - Loaded style 'simple_streams'
13 028 22:28:16 CONFIG [org.geoserver] - Loaded style 'grass'
13 028 22:28:16 CONFIG [org.geoserver] - Loaded style 'tiger_roads'
13 028 22:28:16 CONFIG [org.geoserver] - Loaded style 'pophatch'
13 028 22:28:16 CONFIG [org.geoserver] - Loaded style 'giant_polygon'
13 028 22:28:16 CONFIG [org.geoserver] - Loaded style 'simple_roads'
13 028 22:28:16 CONFIG [org.geoserver] - Loaded style 'polygon'
13 028 22:28:16 CONFIG [org.geoserver] - Loaded style 'population'
13 028 22:28:16 CONFIG [org.geoserver] - Loaded style 'generic'
13 028 22:28:16 CONFIG [org.geoserver] - Loaded default workspace 'cite'
13 028 22:28:16 CONFIG [org.geoserver] - Loaded workspace 'it.geosolutions'
13 028 22:28:16 CONFIG [org.geoserver] - Loaded workspace 'nurc'
13 028 22:28:16 CONFIG [org.geoserver] - Loaded workspace 'tiger'
13 028 22:28:16 CONFIG [org.geoserver] - Loaded workspace 'sde'
13 028 22:28:16 CONFIG [org.geoserver] - Loaded workspace 'cite'
13 028 22:28:16 CONFIG [org.geoserver] - Loaded workspace 'topp'
13 028 22:28:16 CONFIG [org.geoserver] - Loaded workspace 'sf'
13 028 22:28:17 CONFIG [org.geoserver] - Loaded data store 'nyc', enabled
13 028 22:28:19 CONFIG [org.geoserver] - Loaded feature type 'poly_landmarks', enabled
13 028 22:28:19 CONFIG [org.geoserver] - Loaded layer 'poly_landmarks'
13 028 22:28:19 CONFIG [org.geoserver] - Loaded feature type 'poi', enabled
13 028 22:28:19 CONFIG [org.geoserver] - Loaded layer 'poi'
13 028 22:28:19 CONFIG [org.geoserver] - Loaded feature type 'giant_polygon', enabled
13 028 22:28:19 CONFIG [org.geoserver] - Loaded layer 'giant_polygon'
13 028 22:28:19 CONFIG [org.geoserver] - Loaded feature type 'tiger_roads', enabled
13 028 22:28:19 CONFIG [org.geoserver] - Loaded layer 'tiger_roads'
13 028 22:28:19 CONFIG [org.geoserver] - Loaded coverage store 'mosaic', enabled
13 028 22:28:19 CONFIG [org.geoserver] - Loaded coverage 'mosaic', enabled
13 028 22:28:19 CONFIG [org.geoserver] - Loaded layer 'mosaic'
13 028 22:28:19 CONFIG [org.geoserver] - Loaded coverage store 'arcGridSample', enabled
13 028 22:28:19 CONFIG [org.geoserver] - Loaded coverage 'Arc_Sample', enabled
13 028 22:28:19 CONFIG [org.geoserver] - Loaded layer 'Arc_Sample'
13 028 22:28:19 CONFIG [org.geoserver] - Loaded coverage store 'img_sample2', enabled
13 028 22:28:20 CONFIG [org.geoserver] - Loaded coverage 'Pk50095', enabled
13 028 22:28:20 CONFIG [org.geoserver] - Loaded layer 'Pk50095'
13 028 22:28:20 CONFIG [org.geoserver] - Loaded coverage store 'worldImageSample', enabled
13 028 22:28:20 CONFIG [org.geoserver] - Loaded coverage 'Img_Sample', enabled
13 028 22:28:20 CONFIG [org.geoserver] - Loaded layer 'Img_Sample'
13 028 22:28:20 CONFIG [org.geoserver] - Loaded data store 'sf', enabled
13 028 22:28:20 CONFIG [org.geoserver] - Loaded feature type 'streams', enabled
13 028 22:28:20 CONFIG [org.geoserver] - Loaded layer 'streams'
13 028 22:28:20 CONFIG [org.geoserver] - Loaded feature type 'restricted', enabled
13 028 22:28:20 CONFIG [org.geoserver] - Loaded layer 'restricted'
13 028 22:28:20 CONFIG [org.geoserver] - Loaded feature type 'archsites', enabled
13 028 22:28:20 CONFIG [org.geoserver] - Loaded layer 'archsites'
13 028 22:28:20 CONFIG [org.geoserver] - Loaded feature type 'roads', enabled
13 028 22:28:20 CONFIG [org.geoserver] - Loaded layer 'roads'
13 028 22:28:20 CONFIG [org.geoserver] - Loaded feature type 'bugsites', enabled
13 028 22:28:20 CONFIG [org.geoserver] - Loaded layer 'bugsites'
13 028 22:28:20 CONFIG [org.geoserver] - Loaded coverage store 'sfdem', enabled
13 028 22:28:20 CONFIG [org.geoserver] - Loaded coverage 'sfdem', enabled
13 028 22:28:20 CONFIG [org.geoserver] - Loaded layer 'sfdem'
13 028 22:28:20 CONFIG [org.geoserver] - Loaded data store 'states_shapefile', enabled
13 028 22:28:20 CONFIG [org.geoserver] - Loaded feature type 'states', enabled
13 028 22:28:20 CONFIG [org.geoserver] - Loaded layer 'states'
13 028 22:28:20 CONFIG [org.geoserver] - Loaded data store 'taz_shapes', enabled
13 028 22:28:20 CONFIG [org.geoserver] - Loaded feature type 'tasmania_roads', enabled
13 028 22:28:20 CONFIG [org.geoserver] - Loaded layer 'tasmania_roads'
13 028 22:28:20 CONFIG [org.geoserver] - Loaded feature type 'tasmania_cities', enabled
13 028 22:28:20 CONFIG [org.geoserver] - Loaded layer 'tasmania_cities'
13 028 22:28:20 CONFIG [org.geoserver] - Loaded feature type 'tasmania_state_boundaries', enabled
13 028 22:28:20 CONFIG [org.geoserver] - Loaded layer 'tasmania_state_boundaries'
13 028 22:28:20 CONFIG [org.geoserver] - Loaded feature type 'tasmania_water_bodies', enabled
13 028 22:28:20 CONFIG [org.geoserver] - Loaded layer 'tasmania_water_bodies'
13 028 22:28:20 CONFIG [org.geoserver] - Loaded layer group 'tiger-ny'
13 028 22:28:20 CONFIG [org.geoserver] - Loaded layer group 'tasmania'
13 028 22:28:20 CONFIG [org.geoserver] - Loaded layer group 'spearfish'
13 028 22:28:20 CONFIG [org.geoserver] - Read catalog in 4.150 s
13 028 22:28:20 CONFIG [org.geoserver] - Loaded service 'WMTSInfoImpl--50e6c57f:184731b9ef8:-8000', enabled
13 028 22:28:20 CONFIG [org.geoserver] - Loaded service 'wcs', enabled
13 028 22:28:20 CONFIG [org.geoserver] - Loaded service 'wfs', enabled
13 028 22:28:20 CONFIG [org.geoserver] - Loaded service 'wms', enabled
13 028 22:28:21 CONFIG [gwc.config] - Will look for 'geowebcache.xml' in directory '/opt/geoserver_data/gwc'.
13 028 22:28:21 CONFIG [gwc.config] - Create configuration file 'gwc/geowebcache.xml' from template jar:file:/opt/apache-tomcat-9.0.65/webapps/geoserver/WEB-INF/lib/gwc-core-1.21.1.jar!/geowebcache_empty.xml
13 028 22:28:21 WARN   [config.XMLConfiguration] - GWC configuration validation error: cvc-elt.1.a: Cannot find the declaration of element 'gwcConfiguration'.
13 028 22:28:21 WARN   [config.XMLConfiguration] - Will try to use configuration anyway. Please check the order of declared elements against the schema.
13 028 22:28:21 CONFIG [config.XMLConfiguration] - Initializing GridSets from gwc
13 028 22:28:21 CONFIG [config.XMLConfiguration] - Initializing layers from gwc
13 028 22:28:21 CONFIG [gwc.layer] - Initializing GWC configuration based on GeoServer's Catalog
13 028 22:28:21 CONFIG [gwc.layer] - GeoServer TileLayer store base directory is: gwc-layers
13 028 22:28:21 CONFIG [gwc.layer] - Loading tile layers from gwc-layers
13 028 22:28:21 CONFIG [gwc.layer] - Loaded 0 tile layers in 12.49 ms
13 028 22:28:21 CONFIG [storage.BlobStoreAggregator] - BlobStoreConfiguration gwc contained no blob store infos.
13 028 22:28:21 CONFIG [storage.DefaultStorageFinder] - Found system environment variableGEOSERVER_DATA_DIR set to /opt/geoserver_data/, using it as the default prefix.
13 028 22:28:21 CONFIG [gwc.config] - Initializing GeoServer specific GWC configuration from gwc-gs.xml
13 028 22:28:25 WARN   [gce.imagemosaic] - Unable to set ordering between tiff readers spi
13 028 22:28:26 CONFIG [platform.resource] - Notifying ENTRY_CREATE change on /opt/geoserver_data/gwc-layers. Created: 22, removed: 0, modified: 0
13 028 22:28:28 CONFIG [geowebcache.GeoWebCacheDispatcher] - Invoked setServletPrefix(gwc)
13 028 22:28:28 CONFIG [gwc.config] - Will look for 'geowebcache-diskquota.xml' in directory '/opt/geoserver_data/gwc'.
13 028 22:28:28 CONFIG [gwc.config] - Will look for 'geowebcache-diskquota-jdbc.xml' in directory '/opt/geoserver_data/gwc'.
13 028 22:28:28 CONFIG [diskquota.ConfigLoader] - DiskQuota configuration is not readable: gwc/geowebcache-diskquota.xml
13 028 22:28:29 CONFIG [diskquota.ConfigLoader] - DiskQuota configuration is not readable: gwc/geowebcache-diskquota.xml
13 028 22:28:29 CONFIG [diskquota.DiskQuotaMonitor] - Setting up disk quota periodic enforcement task
13 028 22:28:29 CONFIG [diskquota.DiskQuotaMonitor] - 0 layers configured with their own quotas. 
13 028 22:28:29 CONFIG [diskquota.DiskQuotaMonitor] - 22 layers attached to global quota 500.0 MB
13 028 22:28:29 CONFIG [diskquota.DiskQuotaMonitor] - Disk quota periodic enforcement task set up every 10 SECONDS
13 028 22:28:29 CONFIG [wms.WMSService] - Will NOT recombine tiles for non-tiling clients.
13 028 22:28:29 CONFIG [wms.WMSService] - Will proxy requests to backend that are not getmap or getcapabilities.
13 028 22:28:33 CONFIG [geoserver.security] - AuthenticationCache Initialized with 1000 Max Entries, 300 seconds idle time, 600 seconds time to live and 3 concurrency level
13 028 22:28:33 CONFIG [geoserver.security] - AuthenticationCache Eviction Task created to run every 600 seconds
13 028 22:28:34 CONFIG [geoserver.security] - Start reloading user/groups for service named default
13 028 22:28:34 CONFIG [geoserver.security] - Reloading user/groups successful for service named default
13 031 23:31:09 INFO   [geoserver.security] - Strong cryptography is available
